Determining if the include file sys/libgen.h exists failed with the following output:
Change Dir: /home/knallr/Development/PLK/openPOWERLINK_PIFA/build2/CMakeFiles/CMakeTmp

Run Build Command:/usr/bin/make "cmTryCompileExec3435184818/fast"
/usr/bin/make -f CMakeFiles/cmTryCompileExec3435184818.dir/build.make CMakeFiles/cmTryCompileExec3435184818.dir/build
make[1]: Entering directory `/home/knallr/Development/PLK/openPOWERLINK_PIFA/build2/CMakeFiles/CMakeTmp'
/usr/bin/cmake -E cmake_progress_report /home/knallr/Development/PLK/openPOWERLINK_PIFA/build2/CMakeFiles/CMakeTmp/CMakeFiles 1
Building C object CMakeFiles/cmTryCompileExec3435184818.dir/CheckIncludeFile.c.o
/usr/bin/cc    -o CMakeFiles/cmTryCompileExec3435184818.dir/CheckIncludeFile.c.o   -c /home/knallr/Development/PLK/openPOWERLINK_PIFA/build2/CMakeFiles/CMakeTmp/CheckIncludeFile.c
/home/knallr/Development/PLK/openPOWERLINK_PIFA/build2/CMakeFiles/CMakeTmp/CheckIncludeFile.c:1:24: fatal error: sys/libgen.h: No such file or directory
compilation terminated.
make[1]: *** [CMakeFiles/cmTryCompileExec3435184818.dir/CheckIncludeFile.c.o] Error 1
make[1]: Leaving directory `/home/knallr/Development/PLK/openPOWERLINK_PIFA/build2/CMakeFiles/CMakeTmp'
make: *** [cmTryCompileExec3435184818/fast] Error 2


